<?xml version="1.0" encoding="UTF-8"?>
<!-- Generated by org.testng.reporters.JUnitReportReporter -->
<testsuite hostname="Reginalds-MacBook-Pro.local" failures="0" tests="1" name="Test.App" time="0.329" errors="0" timestamp="2020-07-25T02:06:15 BST" skipped="0">
  <testcase classname="Test.App" name="verifyHomepageTitle" time="0.329"/>
  <system-out/>
</testsuite> <!-- Test.App -->
